2025-12-16 16:33:24,368 - INFO - Before Number of Rows for Good class : 111930
2025-12-16 16:33:24,379 - INFO - Before Number of Rows for Bad class : 8070
2025-12-16 16:33:24,719 - INFO - After Number of Rows for Good class : 111930
2025-12-16 16:33:24,739 - INFO - After Number of Rows for Bad class : 111930
2025-12-16 16:33:24,739 - INFO - (223860, 12)
2025-12-16 16:33:24,739 - INFO - (223860,)
2025-12-16 16:33:24,765 - INFO -         age_yeo_trim  ...  Education_res
148542     11.814339  ...         3.5341
56183      19.109035  ...         4.0000
116885     23.483010  ...         4.0000
72605      21.873762  ...         0.0000
87411      13.839978  ...         1.0000
175527     18.706079  ...         0.0000
104399     18.664459  ...         0.0000
6037       22.686232  ...         0.0000
163152     20.586611  ...         4.0000
114499     19.548064  ...         4.0000

[10 rows x 12 columns]
2025-12-16 16:33:24,829 - INFO - [[-0.78510152 -0.77418617 -1.1441428  ... -0.90804869  0.98633466
  -1.38373769]
 [ 0.44699017  0.69578713  0.35508292 ... -0.90804869  0.98633466
  -0.75330858]
 [-1.10231529 -0.26418059 -1.1441428  ...  1.20750493 -1.36504603
   1.13797875]
 ...
 [-1.24418374 -1.19484002 -1.1441428  ... -0.90804869  0.98633466
  -0.75330858]
 [ 0.27307954 -2.17825641 -1.1441428  ... -0.90804869  0.98633466
  -0.75330858]
 [-0.3888886   1.04714868  1.20357763 ... -0.75274664  0.98633466
   0.50754964]]
