2025-12-16 16:33:21,633 - INFO - Data loaded succesfully
2025-12-16 16:33:21,633 - INFO - Total rows in the data : 150002
2025-12-16 16:33:21,633 - INFO - Total no of columns : 18
2025-12-16 16:33:21,714 - INFO - Before : NPA Status                                  2
RevolvingUtilizationOfUnsecuredLines        2
age                                         2
Gender                                      2
Region                                      2
MonthlyIncome                           29733
Rented_OwnHouse                             2
Occupation                                  2
Education                                   2
NumberOfTime30-59DaysPastDueNotWorse        2
DebtRatio                                   2
MonthlyIncome.1                         29733
NumberOfOpenCreditLinesAndLoans             2
NumberOfTimes90DaysLate                     2
NumberRealEstateLoansOrLines                2
NumberOfTime60-89DaysPastDueNotWorse        2
NumberOfDependents                       3924
Good_Bad                                    2
dtype: int64
2025-12-16 16:33:21,760 - INFO - ===============================
2025-12-16 16:33:21,807 - INFO - After : NPA Status                                  0
RevolvingUtilizationOfUnsecuredLines        0
age                                         0
Gender                                      0
Region                                      0
MonthlyIncome                           29731
Rented_OwnHouse                             0
Occupation                                  0
Education                                   0
NumberOfTime30-59DaysPastDueNotWorse        0
DebtRatio                                   0
NumberOfOpenCreditLinesAndLoans             0
NumberOfTimes90DaysLate                     0
NumberRealEstateLoansOrLines                0
NumberOfTime60-89DaysPastDueNotWorse        0
NumberOfDependents                       3924
Good_Bad                                    0
dtype: int64
2025-12-16 16:33:21,808 - INFO - ==================================
2025-12-16 16:33:21,856 - INFO - MonthlyIncome --> float64
2025-12-16 16:33:21,881 - INFO - NumberOfDependents --> object
2025-12-16 16:33:21,906 - INFO - NumberOfDependents --> float64
2025-12-16 16:33:21,999 - INFO - Index(['NPA Status', 'RevolvingUtilizationOfUnsecuredLines', 'age', 'Gender',
       'Region', 'MonthlyIncome', 'Rented_OwnHouse', 'Occupation', 'Education',
       'NumberOfTime30-59DaysPastDueNotWorse', 'DebtRatio',
       'NumberOfOpenCreditLinesAndLoans', 'NumberOfTimes90DaysLate',
       'NumberRealEstateLoansOrLines', 'NumberOfTime60-89DaysPastDueNotWorse',
       'NumberOfDependents'],
      dtype='object')
2025-12-16 16:33:21,999 - INFO - Index(['NPA Status', 'RevolvingUtilizationOfUnsecuredLines', 'age', 'Gender',
       'Region', 'MonthlyIncome', 'Rented_OwnHouse', 'Occupation', 'Education',
       'NumberOfTime30-59DaysPastDueNotWorse', 'DebtRatio',
       'NumberOfOpenCreditLinesAndLoans', 'NumberOfTimes90DaysLate',
       'NumberRealEstateLoansOrLines', 'NumberOfTime60-89DaysPastDueNotWorse',
       'NumberOfDependents'],
      dtype='object')
2025-12-16 16:33:22,006 - INFO - 55788     Good
59874     Good
34969     Good
111312    Good
34273     Good
Name: Good_Bad, dtype: object
2025-12-16 16:33:22,008 - INFO - 50365    Good
93002    Good
20225    Good
62366    Good
43029    Good
Name: Good_Bad, dtype: object
2025-12-16 16:33:22,008 - INFO - Training data size : (120000, 16)
2025-12-16 16:33:22,008 - INFO - Test data size :(30000, 16)
2025-12-16 16:33:22,008 - INFO - Total rows in training data : (120000, 16)
2025-12-16 16:33:22,008 - INFO - Total rows in test data : (30000, 16)
2025-12-16 16:33:22,008 - INFO - before : Index(['NPA Status', 'RevolvingUtilizationOfUnsecuredLines', 'age', 'Gender',
       'Region', 'MonthlyIncome', 'Rented_OwnHouse', 'Occupation', 'Education',
       'NumberOfTime30-59DaysPastDueNotWorse', 'DebtRatio',
       'NumberOfOpenCreditLinesAndLoans', 'NumberOfTimes90DaysLate',
       'NumberRealEstateLoansOrLines', 'NumberOfTime60-89DaysPastDueNotWorse',
       'NumberOfDependents'],
      dtype='object')
2025-12-16 16:33:22,009 - INFO - before : Index(['NPA Status', 'RevolvingUtilizationOfUnsecuredLines', 'age', 'Gender',
       'Region', 'MonthlyIncome', 'Rented_OwnHouse', 'Occupation', 'Education',
       'NumberOfTime30-59DaysPastDueNotWorse', 'DebtRatio',
       'NumberOfOpenCreditLinesAndLoans', 'NumberOfTimes90DaysLate',
       'NumberRealEstateLoansOrLines', 'NumberOfTime60-89DaysPastDueNotWorse',
       'NumberOfDependents'],
      dtype='object')
2025-12-16 16:33:22,038 - INFO - before : NPA Status                                  0
RevolvingUtilizationOfUnsecuredLines        0
age                                         0
Gender                                      0
Region                                      0
MonthlyIncome                           23767
Rented_OwnHouse                             0
Occupation                                  0
Education                                   0
NumberOfTime30-59DaysPastDueNotWorse        0
DebtRatio                                   0
NumberOfOpenCreditLinesAndLoans             0
NumberOfTimes90DaysLate                     0
NumberRealEstateLoansOrLines                0
NumberOfTime60-89DaysPastDueNotWorse        0
NumberOfDependents                       3165
dtype: int64
2025-12-16 16:33:22,047 - INFO - before : NPA Status                                 0
RevolvingUtilizationOfUnsecuredLines       0
age                                        0
Gender                                     0
Region                                     0
MonthlyIncome                           5964
Rented_OwnHouse                            0
Occupation                                 0
Education                                  0
NumberOfTime30-59DaysPastDueNotWorse       0
DebtRatio                                  0
NumberOfOpenCreditLinesAndLoans            0
NumberOfTimes90DaysLate                    0
NumberRealEstateLoansOrLines               0
NumberOfTime60-89DaysPastDueNotWorse       0
NumberOfDependents                       759
dtype: int64
2025-12-16 16:33:22,213 - INFO - after  : Index(['NPA Status', 'RevolvingUtilizationOfUnsecuredLines', 'age', 'Gender',
       'Region', 'Rented_OwnHouse', 'Occupation', 'Education',
       'NumberOfTime30-59DaysPastDueNotWorse', 'DebtRatio',
       'NumberOfOpenCreditLinesAndLoans', 'NumberOfTimes90DaysLate',
       'NumberRealEstateLoansOrLines', 'NumberOfTime60-89DaysPastDueNotWorse',
       'MonthlyIncome_replaced', 'NumberOfDependents_replaced'],
      dtype='object')
2025-12-16 16:33:22,213 - INFO - after  : Index(['NPA Status', 'RevolvingUtilizationOfUnsecuredLines', 'age', 'Gender',
       'Region', 'Rented_OwnHouse', 'Occupation', 'Education',
       'NumberOfTime30-59DaysPastDueNotWorse', 'DebtRatio',
       'NumberOfOpenCreditLinesAndLoans', 'NumberOfTimes90DaysLate',
       'NumberRealEstateLoansOrLines', 'NumberOfTime60-89DaysPastDueNotWorse',
       'MonthlyIncome_replaced', 'NumberOfDependents_replaced'],
      dtype='object')
2025-12-16 16:33:22,243 - INFO - after : NPA Status                              0
RevolvingUtilizationOfUnsecuredLines    0
age                                     0
Gender                                  0
Region                                  0
Rented_OwnHouse                         0
Occupation                              0
Education                               0
NumberOfTime30-59DaysPastDueNotWorse    0
DebtRatio                               0
NumberOfOpenCreditLinesAndLoans         0
NumberOfTimes90DaysLate                 0
NumberRealEstateLoansOrLines            0
NumberOfTime60-89DaysPastDueNotWorse    0
MonthlyIncome_replaced                  0
NumberOfDependents_replaced             0
dtype: int64
2025-12-16 16:33:22,252 - INFO - after  : NPA Status                              0
RevolvingUtilizationOfUnsecuredLines    0
age                                     0
Gender                                  0
Region                                  0
Rented_OwnHouse                         0
Occupation                              0
Education                               0
NumberOfTime30-59DaysPastDueNotWorse    0
DebtRatio                               0
NumberOfOpenCreditLinesAndLoans         0
NumberOfTimes90DaysLate                 0
NumberRealEstateLoansOrLines            0
NumberOfTime60-89DaysPastDueNotWorse    0
MonthlyIncome_replaced                  0
NumberOfDependents_replaced             0
dtype: int64
2025-12-16 16:33:22,253 - INFO - Total rows in training data : (120000, 16)
2025-12-16 16:33:22,253 - INFO - Total rows in test data : (30000, 16)
2025-12-16 16:33:22,253 - INFO - Index(['NPA Status', 'RevolvingUtilizationOfUnsecuredLines', 'age', 'Gender',
       'Region', 'Rented_OwnHouse', 'Occupation', 'Education',
       'NumberOfTime30-59DaysPastDueNotWorse', 'DebtRatio',
       'NumberOfOpenCreditLinesAndLoans', 'NumberOfTimes90DaysLate',
       'NumberRealEstateLoansOrLines', 'NumberOfTime60-89DaysPastDueNotWorse',
       'MonthlyIncome_replaced', 'NumberOfDependents_replaced'],
      dtype='object')
2025-12-16 16:33:22,253 - INFO - Index(['NPA Status', 'RevolvingUtilizationOfUnsecuredLines', 'age', 'Gender',
       'Region', 'Rented_OwnHouse', 'Occupation', 'Education',
       'NumberOfTime30-59DaysPastDueNotWorse', 'DebtRatio',
       'NumberOfOpenCreditLinesAndLoans', 'NumberOfTimes90DaysLate',
       'NumberRealEstateLoansOrLines', 'NumberOfTime60-89DaysPastDueNotWorse',
       'MonthlyIncome_replaced', 'NumberOfDependents_replaced'],
      dtype='object')
2025-12-16 16:33:22,253 - INFO - ----------------------------------------------------
2025-12-16 16:33:22,301 - INFO - Index(['NPA Status', 'RevolvingUtilizationOfUnsecuredLines', 'age',
       'NumberOfTime30-59DaysPastDueNotWorse', 'DebtRatio',
       'NumberOfOpenCreditLinesAndLoans', 'NumberOfTimes90DaysLate',
       'NumberRealEstateLoansOrLines', 'NumberOfTime60-89DaysPastDueNotWorse',
       'MonthlyIncome_replaced', 'NumberOfDependents_replaced'],
      dtype='object')
2025-12-16 16:33:22,301 - INFO - Index(['Gender', 'Region', 'Rented_OwnHouse', 'Occupation', 'Education'], dtype='object')
2025-12-16 16:33:22,301 - INFO - Index(['NPA Status', 'RevolvingUtilizationOfUnsecuredLines', 'age',
       'NumberOfTime30-59DaysPastDueNotWorse', 'DebtRatio',
       'NumberOfOpenCreditLinesAndLoans', 'NumberOfTimes90DaysLate',
       'NumberRealEstateLoansOrLines', 'NumberOfTime60-89DaysPastDueNotWorse',
       'MonthlyIncome_replaced', 'NumberOfDependents_replaced'],
      dtype='object')
2025-12-16 16:33:22,301 - INFO - Index(['Gender', 'Region', 'Rented_OwnHouse', 'Occupation', 'Education'], dtype='object')
2025-12-16 16:33:22,301 - INFO - (120000, 11)
2025-12-16 16:33:22,301 - INFO - (120000, 5)
2025-12-16 16:33:22,301 - INFO - (30000, 11)
2025-12-16 16:33:22,301 - INFO - (30000, 5)
2025-12-16 16:33:23,763 - INFO - Index(['NPA Status_yeo_trim', 'RevolvingUtilizationOfUnsecuredLines_yeo_trim',
       'age_yeo_trim', 'NumberOfTime30-59DaysPastDueNotWorse_yeo_trim',
       'DebtRatio_yeo_trim', 'NumberOfOpenCreditLinesAndLoans_yeo_trim',
       'NumberOfTimes90DaysLate_yeo_trim',
       'NumberRealEstateLoansOrLines_yeo_trim',
       'NumberOfTime60-89DaysPastDueNotWorse_yeo_trim',
       'MonthlyIncome_replaced_yeo_trim',
       'NumberOfDependents_replaced_yeo_trim'],
      dtype='object') --> (120000, 11)
2025-12-16 16:33:23,763 - INFO - Index(['NPA Status_yeo_trim ',
       'RevolvingUtilizationOfUnsecuredLines_yeo_trim ', 'age_yeo_trim ',
       'NumberOfTime30-59DaysPastDueNotWorse_yeo_trim ', 'DebtRatio_yeo_trim ',
       'NumberOfOpenCreditLinesAndLoans_yeo_trim ',
       'NumberOfTimes90DaysLate_yeo_trim ',
       'NumberRealEstateLoansOrLines_yeo_trim ',
       'NumberOfTime60-89DaysPastDueNotWorse_yeo_trim ',
       'MonthlyIncome_replaced_yeo_trim ',
       'NumberOfDependents_replaced_yeo_trim '],
      dtype='object') --> (30000, 11)
2025-12-16 16:33:23,763 - INFO - before : Index(['NPA Status_yeo_trim', 'RevolvingUtilizationOfUnsecuredLines_yeo_trim',
       'age_yeo_trim', 'NumberOfTime30-59DaysPastDueNotWorse_yeo_trim',
       'DebtRatio_yeo_trim', 'NumberOfOpenCreditLinesAndLoans_yeo_trim',
       'NumberOfTimes90DaysLate_yeo_trim',
       'NumberRealEstateLoansOrLines_yeo_trim',
       'NumberOfTime60-89DaysPastDueNotWorse_yeo_trim',
       'MonthlyIncome_replaced_yeo_trim',
       'NumberOfDependents_replaced_yeo_trim'],
      dtype='object') --> (120000, 11)
2025-12-16 16:33:23,763 - INFO - before : Index(['NPA Status_yeo_trim ',
       'RevolvingUtilizationOfUnsecuredLines_yeo_trim ', 'age_yeo_trim ',
       'NumberOfTime30-59DaysPastDueNotWorse_yeo_trim ', 'DebtRatio_yeo_trim ',
       'NumberOfOpenCreditLinesAndLoans_yeo_trim ',
       'NumberOfTimes90DaysLate_yeo_trim ',
       'NumberRealEstateLoansOrLines_yeo_trim ',
       'NumberOfTime60-89DaysPastDueNotWorse_yeo_trim ',
       'MonthlyIncome_replaced_yeo_trim ',
       'NumberOfDependents_replaced_yeo_trim '],
      dtype='object') --> (30000, 11)
2025-12-16 16:33:23,928 - INFO - After : Index(['age_yeo_trim', 'NumberOfOpenCreditLinesAndLoans_yeo_trim',
       'NumberRealEstateLoansOrLines_yeo_trim',
       'MonthlyIncome_replaced_yeo_trim'],
      dtype='object') --> (120000, 4)
2025-12-16 16:33:23,928 - INFO - After : Index(['age_yeo_trim', 'NumberOfOpenCreditLinesAndLoans_yeo_trim',
       'NumberRealEstateLoansOrLines_yeo_trim',
       'MonthlyIncome_replaced_yeo_trim'],
      dtype='object') --> (30000, 4)
2025-12-16 16:33:23,928 - INFO - Index(['Gender', 'Region', 'Rented_OwnHouse', 'Occupation', 'Education'], dtype='object')
2025-12-16 16:33:23,928 - INFO - Index(['Gender', 'Region', 'Rented_OwnHouse', 'Occupation', 'Education'], dtype='object')
2025-12-16 16:33:23,934 - INFO - Gender -> : ['Female' 'Male']
2025-12-16 16:33:23,941 - INFO - Region -> : ['West' 'South' 'Central' 'North' 'East']
2025-12-16 16:33:23,947 - INFO - Rented_OwnHouse -> : ['Ownhouse' 'Rented']
2025-12-16 16:33:23,954 - INFO - Occupation -> : ['Self_Emp' 'Non-officer' 'Officer2' 'Officer3' 'Officer1']
2025-12-16 16:33:23,961 - INFO - Education -> : ['Graduate' 'Matric' 'Professional' 'Post-Grad' 'PhD']
2025-12-16 16:33:23,970 - INFO - Before Converting :         Gender   Region Rented_OwnHouse   Occupation     Education
104025  Female     West        Ownhouse     Self_Emp      Graduate
5415      Male    South        Ownhouse     Self_Emp        Matric
75612   Female  Central          Rented  Non-officer  Professional
138169    Male     West        Ownhouse  Non-officer  Professional
87184   Female  Central        Ownhouse  Non-officer      Graduate
...        ...      ...             ...          ...           ...
119879    Male     West        Ownhouse     Self_Emp      Graduate
103694    Male     West        Ownhouse     Self_Emp           PhD
131932    Male     East          Rented     Officer1  Professional
146867    Male    South          Rented     Self_Emp  Professional
121958  Female     East          Rented     Self_Emp     Post-Grad

[120000 rows x 5 columns]
2025-12-16 16:33:23,980 - INFO - Before Converting :         Gender   Region Rented_OwnHouse   Occupation     Education
59770     Male  Central          Rented     Self_Emp  Professional
21362   Female    North          Rented     Officer3     Post-Grad
127324  Female     East          Rented     Officer1     Post-Grad
140509    Male     West          Rented  Non-officer  Professional
144297    Male     West          Rented     Officer2  Professional
...        ...      ...             ...          ...           ...
30430     Male    North          Rented  Non-officer      Graduate
63244     Male  Central          Rented     Officer2  Professional
104970  Female     West          Rented     Self_Emp      Graduate
53960     Male     East          Rented     Officer1  Professional
49315   Female     East          Rented     Officer3     Post-Grad

[30000 rows x 5 columns]
2025-12-16 16:33:24,230 - INFO - Index(['Gender_Male', 'Region_East', 'Region_North', 'Region_South',
       'Region_West', 'Rented_OwnHouse_res', 'Occupation_res',
       'Education_res'],
      dtype='object')
2025-12-16 16:33:24,231 - INFO - Index(['Gender_Male', 'Region_East', 'Region_North', 'Region_South',
       'Region_West', 'Rented_OwnHouse_res', 'Occupation_res',
       'Education_res'],
      dtype='object')
2025-12-16 16:33:24,278 - INFO - After Converting :         Gender_Male  Region_East  ...  Occupation_res  Education_res
0               0.0          0.0  ...             4.0            0.0
1               1.0          0.0  ...             4.0            1.0
2               0.0          0.0  ...             0.0            4.0
3               1.0          0.0  ...             0.0            4.0
4               0.0          0.0  ...             0.0            0.0
...             ...          ...  ...             ...            ...
119995          1.0          0.0  ...             4.0            0.0
119996          1.0          0.0  ...             4.0            2.0
119997          1.0          1.0  ...             1.0            4.0
119998          1.0          0.0  ...             4.0            4.0
119999          0.0          1.0  ...             4.0            3.0

[120000 rows x 8 columns]
2025-12-16 16:33:24,293 - INFO - After Converting :        Gender_Male  Region_East  ...  Occupation_res  Education_res
0              1.0          0.0  ...             4.0            4.0
1              0.0          0.0  ...             3.0            3.0
2              0.0          1.0  ...             1.0            3.0
3              1.0          0.0  ...             0.0            4.0
4              1.0          0.0  ...             2.0            4.0
...            ...          ...  ...             ...            ...
29995          1.0          0.0  ...             0.0            0.0
29996          1.0          0.0  ...             2.0            4.0
29997          0.0          0.0  ...             4.0            0.0
29998          1.0          1.0  ...             1.0            4.0
29999          0.0          1.0  ...             3.0            3.0

[30000 rows x 8 columns]
2025-12-16 16:33:24,293 - INFO - (120000, 8)
2025-12-16 16:33:24,293 - INFO - (30000, 8)
2025-12-16 16:33:24,295 - INFO - Gender_Male            0
Region_East            0
Region_North           0
Region_South           0
Region_West            0
Rented_OwnHouse_res    0
Occupation_res         0
Education_res          0
dtype: int64
2025-12-16 16:33:24,297 - INFO - Gender_Male            0
Region_East            0
Region_North           0
Region_South           0
Region_West            0
Rented_OwnHouse_res    0
Occupation_res         0
Education_res          0
dtype: int64
2025-12-16 16:33:24,305 - INFO - (120000, 12)
2025-12-16 16:33:24,306 - INFO - (30000, 12)
2025-12-16 16:33:24,311 - INFO - age_yeo_trim                                0
NumberOfOpenCreditLinesAndLoans_yeo_trim    0
NumberRealEstateLoansOrLines_yeo_trim       0
MonthlyIncome_replaced_yeo_trim             0
Gender_Male                                 0
Region_East                                 0
Region_North                                0
Region_South                                0
Region_West                                 0
Rented_OwnHouse_res                         0
Occupation_res                              0
Education_res                               0
dtype: int64
2025-12-16 16:33:24,313 - INFO - age_yeo_trim                                0
NumberOfOpenCreditLinesAndLoans_yeo_trim    0
NumberRealEstateLoansOrLines_yeo_trim       0
MonthlyIncome_replaced_yeo_trim             0
Gender_Male                                 0
Region_East                                 0
Region_North                                0
Region_South                                0
Region_West                                 0
Rented_OwnHouse_res                         0
Occupation_res                              0
Education_res                               0
dtype: int64
2025-12-16 16:33:24,313 - INFO - ===========================================
2025-12-16 16:33:24,332 - INFO -        age_yeo_trim  ...  Education_res
45514     18.664459  ...            3.0
8598      21.044391  ...            3.0
39090     17.294637  ...            3.0
60104     18.887457  ...            3.0
51492     16.348077  ...            3.0
71371     16.587426  ...            1.0
74973     23.483010  ...            4.0
30798     18.214066  ...            0.0
14354     14.101228  ...            1.0
69535     15.121746  ...            1.0

[10 rows x 12 columns]
2025-12-16 16:33:24,349 - INFO -        age_yeo_trim  ...  Education_res
28001     27.809235  ...            3.0
14545     27.809235  ...            3.0
14126     27.809235  ...            3.0
17121     27.809235  ...            3.0
29292     27.809235  ...            4.0
4466      27.809235  ...            1.0
26690     27.809235  ...            4.0
11368     27.809235  ...            0.0
15093     27.809235  ...            0.0
1949      27.809235  ...            2.0

[10 rows x 12 columns]
